<?xml version="1.0" encoding="UTF-8"?>
<!DOCTYPE suite SYSTEM "http://testng.org/testng-1.0.dtd" >

<suite name="Assignment" verbose="1">
    <parameter name="browser" value="chrome"></parameter>
    <test name="Validate-The-Input-Text-of-The-Text-Field" >
        <classes>
            <class name="tj.selenium.assignment.CrossBrowserTest">
                <methods>
                    <include name="validateInput"/>
                </methods>
            </class>
        </classes>
    </test>
</suite>